2021-11-12 20:38:35,085 [Worker-4: Loading available Gradle versions] INFO  o.e.b.c.i.u.g.PublishedGradleVersions - Gradle version information cache is up-to-date. Trying to read.
2021-11-12 20:46:47,599 [Worker-9: Creating project "01-mavenapp"] INFO  o.e.m.c.i.l.LifecycleMappingFactory - Using org.eclipse.m2e.jdt.JarLifecycleMapping lifecycle mapping for MavenProject: in.shiva.practise:01-mavenapp:0.0.1-SNAPSHOT @ F:\ashok sir - 18-JRTP\01-mavenapp\pom.xml.
2021-11-12 20:46:49,720 [Worker-9: Creating project "01-mavenapp"] INFO  o.e.m.j.i.AbstractJavaProjectConfigurator - Adding source folder /01-mavenapp/src/main/java
2021-11-12 20:46:49,722 [Worker-9: Creating project "01-mavenapp"] INFO  o.e.m.j.i.AbstractJavaProjectConfigurator - Adding resource folder /01-mavenapp/src/main/resources
2021-11-12 20:46:49,722 [Worker-9: Creating project "01-mavenapp"] INFO  o.e.m.j.i.AbstractJavaProjectConfigurator - Adding source folder /01-mavenapp/src/test/java
2021-11-12 20:46:49,722 [Worker-9: Creating project "01-mavenapp"] INFO  o.e.m.j.i.AbstractJavaProjectConfigurator - Adding resource folder /01-mavenapp/src/test/resources
2021-11-12 20:46:50,238 [Worker-7: Building] WARN  o.e.m.c.i.embedder.EclipseLogger - Using platform encoding (Cp1252 actually) to copy filtered resources, i.e. build is platform dependent!
2021-11-12 20:46:50,262 [Worker-7: Building] INFO  o.e.m.c.i.embedder.EclipseLogger - Copying 0 resource
2021-11-12 20:46:50,265 [Worker-7: Building] WARN  o.e.m.c.i.embedder.EclipseLogger - Using platform encoding (Cp1252 actually) to copy filtered resources, i.e. build is platform dependent!
2021-11-12 20:46:50,266 [Worker-7: Building] INFO  o.e.m.c.i.embedder.EclipseLogger - Copying 0 resource
2021-11-12 20:49:09,844 [Worker-13: Building] WARN  o.e.m.c.i.embedder.EclipseLogger - Using platform encoding (Cp1252 actually) to copy filtered resources, i.e. build is platform dependent!
2021-11-12 20:49:09,871 [Worker-13: Building] INFO  o.e.m.c.i.embedder.EclipseLogger - Copying 0 resource
2021-11-12 20:49:09,872 [Worker-13: Building] WARN  o.e.m.c.i.embedder.EclipseLogger - Using platform encoding (Cp1252 actually) to copy filtered resources, i.e. build is platform dependent!
2021-11-12 20:49:09,873 [Worker-13: Building] INFO  o.e.m.c.i.embedder.EclipseLogger - Copying 0 resource
2021-11-12 20:49:14,494 [Worker-13: Building] WARN  o.e.m.c.i.embedder.EclipseLogger - Using platform encoding (Cp1252 actually) to copy filtered resources, i.e. build is platform dependent!
2021-11-12 20:49:14,516 [Worker-13: Building] INFO  o.e.m.c.i.embedder.EclipseLogger - Copying 0 resource
2021-11-12 20:49:14,518 [Worker-13: Building] WARN  o.e.m.c.i.embedder.EclipseLogger - Using platform encoding (Cp1252 actually) to copy filtered resources, i.e. build is platform dependent!
2021-11-12 20:49:14,520 [Worker-13: Building] INFO  o.e.m.c.i.embedder.EclipseLogger - Copying 0 resource
2021-11-12 20:49:20,963 [Worker-11: Building] WARN  o.e.m.c.i.embedder.EclipseLogger - Using platform encoding (Cp1252 actually) to copy filtered resources, i.e. build is platform dependent!
2021-11-12 20:49:20,964 [Worker-11: Building] INFO  o.e.m.c.i.embedder.EclipseLogger - Copying 0 resource
2021-11-12 20:49:20,966 [Worker-11: Building] WARN  o.e.m.c.i.embedder.EclipseLogger - Using platform encoding (Cp1252 actually) to copy filtered resources, i.e. build is platform dependent!
2021-11-12 20:49:20,968 [Worker-11: Building] INFO  o.e.m.c.i.embedder.EclipseLogger - Copying 0 resource
2021-11-12 20:51:42,943 [main] INFO  o.e.m2e.actions.ExecutePomAction - Creating new launch configuration
2021-11-12 20:51:47,161 [Worker-11: Launching 01-mavenapp] INFO  o.e.m.i.launch.MavenLaunchDelegate - F:\ashok sir - 18-JRTP\01-mavenapp
2021-11-12 20:51:47,162 [Worker-11: Launching 01-mavenapp] INFO  o.e.m.i.launch.MavenLaunchDelegate -  mvn -B clean -Dstyle.color=always
2021-11-12 20:53:04,705 [Worker-17: Building] WARN  o.e.m.c.i.embedder.EclipseLogger - Using platform encoding (Cp1252 actually) to copy filtered resources, i.e. build is platform dependent!
2021-11-12 20:53:04,707 [Worker-17: Building] INFO  o.e.m.c.i.embedder.EclipseLogger - Copying 0 resource
2021-11-12 20:53:04,708 [Worker-17: Building] WARN  o.e.m.c.i.embedder.EclipseLogger - Using platform encoding (Cp1252 actually) to copy filtered resources, i.e. build is platform dependent!
2021-11-12 20:53:04,710 [Worker-17: Building] INFO  o.e.m.c.i.embedder.EclipseLogger - Copying 0 resource
2021-11-12 20:53:17,314 [main] INFO  o.e.m2e.actions.ExecutePomAction - Creating new launch configuration
2021-11-12 20:53:39,923 [Worker-17: Launching 01-mavenapp (1)] INFO  o.e.m.i.launch.MavenLaunchDelegate - F:\ashok sir - 18-JRTP\01-mavenapp
2021-11-12 20:53:39,924 [Worker-17: Launching 01-mavenapp (1)] INFO  o.e.m.i.launch.MavenLaunchDelegate -  mvn -B package -Dstyle.color=always
2021-11-12 21:22:56,546 [main] INFO  o.e.m2e.actions.ExecutePomAction - Creating new launch configuration
2021-11-12 21:23:00,224 [Worker-16: Launching 01-mavenapp (2)] INFO  o.e.m.i.launch.MavenLaunchDelegate - F:\ashok sir - 18-JRTP\01-mavenapp
2021-11-12 21:23:00,224 [Worker-16: Launching 01-mavenapp (2)] INFO  o.e.m.i.launch.MavenLaunchDelegate -  mvn -B tets -Dstyle.color=always
2021-11-12 21:23:08,183 [main] INFO  o.e.m2e.actions.ExecutePomAction - Creating new launch configuration
2021-11-12 21:23:11,422 [Worker-16: Launching 01-mavenapp (3)] INFO  o.e.m.i.launch.MavenLaunchDelegate - F:\ashok sir - 18-JRTP\01-mavenapp
2021-11-12 21:23:11,423 [Worker-16: Launching 01-mavenapp (3)] INFO  o.e.m.i.launch.MavenLaunchDelegate -  mvn -B test -Dstyle.color=always
2021-11-12 21:23:25,927 [main] INFO  o.e.m2e.actions.ExecutePomAction - Creating new launch configuration
2021-11-12 21:23:34,031 [Worker-24: Launching 01-mavenapp (4)] INFO  o.e.m.i.launch.MavenLaunchDelegate - F:\ashok sir - 18-JRTP\01-mavenapp
2021-11-12 21:23:34,032 [Worker-24: Launching 01-mavenapp (4)] INFO  o.e.m.i.launch.MavenLaunchDelegate -  mvn -B package -Dstyle.color=always
2021-11-12 22:42:34,522 [Worker-1: Loading available Gradle versions] INFO  o.e.b.c.i.u.g.PublishedGradleVersions - Gradle version information cache is up-to-date. Trying to read.
